<?xml version="1.0" encoding="UTF-8"?>
<!-- Generated by org.testng.reporters.JUnitXMLReporter -->
<testsuite ignored="0" hostname="LAPTOP-569A3714" failures="1" tests="4" name="Error Validation Test" time="30.546" errors="0" timestamp="2024-11-20T17:12:37 IST">
  <testcase classname="Automation.Tests.ErrorValidation" name="loginErrorValidation" time="0.678">
    <skipped/>
  </testcase> <!-- loginErrorValidation -->
  <testcase classname="Automation.Tests.ErrorValidation" name="loginErrorValidation" time="0.699">
    <skipped/>
  </testcase> <!-- loginErrorValidation -->
  <testcase classname="Automation.Tests.ErrorValidation" name="loginErrorValidation" time="0.566">
    <failure type="java.lang.AssertionError" message="expected [Incorrect email or password.] but found [Incorrect email or pass.]">
      <![CDATA[java.lang.AssertionError: expected [Incorrect email or password.] but found [Incorrect email or pass.]
at Automation.Tests.ErrorValidation.loginErrorValidation(ErrorValidation.java:17)
at java.base/java.util.ArrayList.forEach(ArrayList.java:1541)
at java.base/java.util.concurrent.FutureTask.run(FutureTask.java:264)
at java.base/java.util.concurrent.ThreadPoolExecutor.runWorker(ThreadPoolExecutor.java:1128)
at java.base/java.util.concurrent.ThreadPoolExecutor$Worker.run(ThreadPoolExecutor.java:628)
at java.base/java.lang.Thread.run(Thread.java:834)
... Removed 23 stack frames]]>
    </failure>
  </testcase> <!-- loginErrorValidation -->
  <testcase classname="Automation.Tests.ErrorValidation" name="productErrorValidation" time="13.736"/>
</testsuite> <!-- Error Validation Test -->
